<?xml version="1.0" encoding="UTF-8"?>
<testsuite xmlns:xsi="http://www.w3.org/2001/XMLSchema-instance" xsi:noNamespaceSchemaLocation="https://maven.apache.org/surefire/maven-surefire-plugin/xsd/surefire-test-report-3.0.xsd" version="3.0" name="danieljnm.sm2ta.XtaTranslationTest" time="0.016" tests="6" errors="0" skipped="0" failures="0">
  <properties>
[...]
</properties>
  <testcase name="transitions" classname="danieljnm.sm2ta.XtaTranslationTest" time="0.009"/>
  <testcase name="nestedMachine" classname="danieljnm.sm2ta.XtaTranslationTest" time="0.001"/>
  <testcase name="states" classname="danieljnm.sm2ta.XtaTranslationTest" time="0.0"/>
  <testcase name="variables" classname="danieljnm.sm2ta.XtaTranslationTest" time="0.001"/>
  <testcase name="emptyMachine" classname="danieljnm.sm2ta.XtaTranslationTest" time="0.001"/>
  <testcase name="nestedMachineWithTransitions" classname="danieljnm.sm2ta.XtaTranslationTest" time="0.001"/>
</testsuite>